INFO: [HLS 200-0] Workspace E:/170429_LFP_PhaseDetect/2.Design/LSTM_IP_EVA_F1/hls_lstm_n5_16s_16b/lstm/solution1 opened at Mon Dec 18 16:04:51 -0800 2017
Execute     config_clock -quiet -name default -period 10 -default=false 
INFO: [SYN 201-201] Setting up clock 'default' with a period of 10ns.
Command     config_clock returned 0; 0 sec.
Execute     open_platform DefaultPlatform 
Command     open_platform returned 0; 0 sec.
Execute     import_lib C:/Xilinx/Vivado/2017.3/common/technology/xilinx/virtexuplus/virtexuplus 
Execute       source C:/Xilinx/Vivado/2017.3/common/technology/xilinx/common/xilinx.lib 
Execute         source C:/Xilinx/Vivado/2017.3/common/technology/xilinx/interface/xilinx_interface.lib 
Execute           source C:/Xilinx/Vivado/2017.3/common/technology/xilinx/interface/plb46.lib 
Command           ap_source returned 0; 0 sec.
Execute           source C:/Xilinx/Vivado/2017.3/common/technology/xilinx/interface/fsl.lib 
Command           ap_source returned 0; 0 sec.
Execute           source C:/Xilinx/Vivado/2017.3/common/technology/xilinx/interface/axi4.lib 
Command           ap_source returned 0; 0.001 sec.
Execute           source C:/Xilinx/Vivado/2017.3/common/technology/xilinx/interface/maxi.lib 
Command           ap_source returned 0; 0 sec.
Execute           source C:/Xilinx/Vivado/2017.3/common/technology/xilinx/interface/saxilite.lib 
Command           ap_source returned 0; 0.001 sec.
Command         ap_source returned 0; 0.003 sec.
Execute         source C:/Xilinx/Vivado/2017.3/common/technology/xilinx/common/dsp48.lib 
Command         ap_source returned 0; 0 sec.
Execute         source C:/Xilinx/Vivado/2017.3/common/technology/xilinx/ip/dds_compiler.lib 
Command         ap_source returned 0; 0 sec.
Execute         source C:/Xilinx/Vivado/2017.3/common/technology/xilinx/ip/xfft.lib 
Command         ap_source returned 0; 0 sec.
Execute         source C:/Xilinx/Vivado/2017.3/common/technology/xilinx/ip/xfir.lib 
Command         ap_source returned 0; 0 sec.
Command       ap_source returned 0; 0.007 sec.
Execute       source C:/Xilinx/Vivado/2017.3/common/technology/xilinx/common/xilinx_old.lib 
Command       ap_source returned 0; 0.001 sec.
Execute       source C:/Xilinx/Vivado/2017.3/common/technology/xilinx/common/xilinx_vivado.lib 
Command       ap_source returned 0; 0.001 sec.
Execute       source C:/Xilinx/Vivado/2017.3/common/technology/xilinx/common/xilinx.hlp 
Execute         source C:/Xilinx/Vivado/2017.3/common/technology/xilinx/common/target_info.tcl 
Command         ap_source returned 0; 0.001 sec.
Execute         source C:/Xilinx/Vivado/2017.3/common/technology/xilinx/interface/xilinx_interface.hlp 
Execute           source C:/Xilinx/Vivado/2017.3/common/technology/xilinx/interface/maxi.hlp 
Command           ap_source returned 0; 0 sec.
Execute           source C:/Xilinx/Vivado/2017.3/common/technology/xilinx/interface/saxilite.hlp 
Command           ap_source returned 0; 0 sec.
Command         ap_source returned 0; 0.001 sec.
Execute         source C:/Xilinx/Vivado/2017.3/common/technology/xilinx/common/dsp48.hlp 
Command         ap_source returned 0; 0.001 sec.
Command       ap_source returned 0; 0.005 sec.
Execute       source C:/Xilinx/Vivado/2017.3/common/technology/xilinx/virtexuplus/dsp48e2.hlp 
Command       ap_source returned 0; 0 sec.
Execute       get_default_platform 
Command       get_default_platform returned 0; 0 sec.
Execute       config_chip_info -quiet -resource  {SLICE 98520}  {LUT 788160}    {FF 1576320} {DSP48E 4560}  {BRAM 2880} {URAM 640}  
Command       config_chip_info returned 0; 0 sec.
Execute       config_chip_info -quiet -speed medium 
Command       config_chip_info returned 0; 0 sec.
Execute       source C:/Xilinx/Vivado/2017.3/common/technology/xilinx/common/xilinx.hlp 
Execute         source C:/Xilinx/Vivado/2017.3/common/technology/xilinx/common/target_info.tcl 
Command         ap_source returned 0; 0.001 sec.
Execute         source C:/Xilinx/Vivado/2017.3/common/technology/xilinx/interface/xilinx_interface.hlp 
Execute           source C:/Xilinx/Vivado/2017.3/common/technology/xilinx/interface/maxi.hlp 
Command           ap_source returned 0; 0 sec.
Execute           source C:/Xilinx/Vivado/2017.3/common/technology/xilinx/interface/saxilite.hlp 
Command           ap_source returned 0; 0.001 sec.
Command         ap_source returned 0; 0.001 sec.
Execute         source C:/Xilinx/Vivado/2017.3/common/technology/xilinx/common/dsp48.hlp 
Command         ap_source returned 0; 0.001 sec.
Command       ap_source returned 0; 0.004 sec.
Command     import_lib returned 0; 0.026 sec.
Execute     source C:/Xilinx/Vivado/2017.3/common/technology/xilinx/virtexuplus/virtexuplus.gen 
Execute       source C:/Xilinx/Vivado/2017.3/common/technology/xilinx/common/virtex.gen 
Execute         source C:/Xilinx/Vivado/2017.3/common/technology/xilinx/common/xilinx.gen 
Execute           source C:/Xilinx/Vivado/2017.3/common/technology/xilinx/interface/plb46.gen 
Command           ap_source returned 0; 0.001 sec.
Execute           source C:/Xilinx/Vivado/2017.3/common/technology/xilinx/interface/fsl.gen 
Command           ap_source returned 0; 0.001 sec.
Execute           source C:/Xilinx/Vivado/2017.3/common/technology/xilinx/interface/axi4.gen 
Command           ap_source returned 0; 0.002 sec.
Execute           source C:/Xilinx/Vivado/2017.3/common/technology/xilinx/interface/nativeAXI4.gen 
Execute             source C:/Xilinx/Vivado/2017.3/common/technology/xilinx/interface/saxilite.gen 
Command             ap_source returned 0; 0.003 sec.
Execute             source C:/Xilinx/Vivado/2017.3/common/technology/xilinx/interface/maxi.gen 
Command             ap_source returned 0; 0.008 sec.
Command           ap_source returned 0; 0.013 sec.
Execute           source C:/Xilinx/Vivado/2017.3/common/technology/xilinx/scripts/xilinxcoregen.gen 
Command           ap_source returned 0; 0.013 sec.
Execute           source C:/Xilinx/Vivado/2017.3/common/technology/xilinx/interface/XilEDKCoreGen.gen 
Command           ap_source returned 0; 0.009 sec.
Execute           source C:/Xilinx/Vivado/2017.3/common/technology/xilinx/ip/dds_compiler.gen 
Command           ap_source returned 0; 0.003 sec.
Execute           source C:/Xilinx/Vivado/2017.3/common/technology/xilinx/ip/util.gen 
Command           ap_source returned 0; 0 sec.
Execute           source C:/Xilinx/Vivado/2017.3/common/technology/xilinx/ip/xfft.gen 
Command           ap_source returned 0; 0.109 sec.
Execute           source C:/Xilinx/Vivado/2017.3/common/technology/xilinx/ip/xfir.gen 
Command           ap_source returned 0; 0.001 sec.
Command         ap_source returned 0; 0.155 sec.
Execute         source C:/Xilinx/Vivado/2017.3/common/technology/xilinx/common/dsp48.gen 
Command         ap_source returned 0; 0 sec.
Command       ap_source returned 0; 0.157 sec.
Command     ap_source returned 0; 0.158 sec.
Execute     open_platform DefaultPlatform 
Command     open_platform returned 0; 0 sec.
Execute     import_lib C:/Xilinx/Vivado/2017.3/common/technology/xilinx/virtexuplus/virtexuplus_fpv7 
Execute       source C:/Xilinx/Vivado/2017.3/common/technology/xilinx/common/xilinx_fpv7.lib 
Execute         source C:/Xilinx/Vivado/2017.3/common/technology/xilinx/common/xilinx_hp.lib 
Command         ap_source returned 0; 0.001 sec.
Command       ap_source returned 0; 0.005 sec.
Execute       source C:/Xilinx/Vivado/2017.3/common/technology/xilinx/common/xilinx_fpv.hlp 
Execute         source C:/Xilinx/Vivado/2017.3/common/technology/xilinx/common/xilinx.hlp 
Execute           source C:/Xilinx/Vivado/2017.3/common/technology/xilinx/common/target_info.tcl 
Command           ap_source returned 0; 0.012 sec.
Execute           source C:/Xilinx/Vivado/2017.3/common/technology/xilinx/interface/xilinx_interface.hlp 
Execute             source C:/Xilinx/Vivado/2017.3/common/technology/xilinx/interface/maxi.hlp 
Command             ap_source returned 0; 0 sec.
Execute             source C:/Xilinx/Vivado/2017.3/common/technology/xilinx/interface/saxilite.hlp 
Command             ap_source returned 0; 0.001 sec.
Command           ap_source returned 0; 0.001 sec.
Execute           source C:/Xilinx/Vivado/2017.3/common/technology/xilinx/common/dsp48.hlp 
Command           ap_source returned 0; 0.001 sec.
Command         ap_source returned 0; 0.017 sec.
Command       ap_source returned 0; 0.018 sec.
Execute       source C:/Xilinx/Vivado/2017.3/common/technology/xilinx/virtexuplus/virtexuplus_hp.hlp 
Command       ap_source returned 0; 0.002 sec.
Command     import_lib returned 0; 0.034 sec.
Execute     source C:/Xilinx/Vivado/2017.3/common/technology/xilinx/virtexuplus/virtexuplus_fpv7.gen 
Execute       source C:/Xilinx/Vivado/2017.3/common/technology/xilinx/common/xilinx_fpv6.gen 
Command       ap_source returned 0; 0.002 sec.
Command     ap_source returned 0; 0.002 sec.
Execute     set_part xcvu9p-flga2104-2L-e-es1 
Execute       add_library xilinx/virtexuplus/virtexuplus:xcvu9p:-flga2104:-2L-e-es1 
Execute         get_default_platform 
Command         get_default_platform returned 0; 0 sec.
Execute         license_isbetapart xcvu9p-es1 
Command         license_isbetapart returned 1; 0.031 sec.
Execute         get_default_platform 
Command         get_default_platform returned 0; 0 sec.
Execute         config_chip_info -quiet -resource  {SLICE 147780} {LUT 1182240}   {FF 2364480} {DSP48E 6840}  {BRAM 4320} {URAM 960}  
Command         config_chip_info returned 0; 0 sec.
Execute         config_chip_info -quiet -speed medium 
Command         config_chip_info returned 0; 0 sec.
Command       add_library returned 0; 0.043 sec.
Execute       add_library xilinx/virtexuplus/virtexuplus_fpv7 
Execute         get_default_platform 
Command         get_default_platform returned 0; 0 sec.
Command       add_library returned 0; 0.002 sec.
INFO: [HLS 200-10] Setting target device to 'xcvu9p-flga2104-2L-e-es1'
Execute       get_default_platform 
Command       get_default_platform returned 0; 0 sec.
Command     set_part returned 0; 0.105 sec.
Execute     get_default_platform 
Command     get_default_platform returned 0; 0 sec.
Execute     config_chip_info -quiet -resource  {SLICE 147780} {LUT 1182240}   {FF 2364480} {DSP48E 6840}  {BRAM 4320} {URAM 960}  
Command     config_chip_info returned 0; 0 sec.
Execute     config_chip_info -quiet -speed medium 
Command     config_chip_info returned 0; 0 sec.
Command   open_solution returned 0; 0.364 sec.
Execute   export_design -rtl verilog -format ip_catalog 
Execute     source E:/170429_LFP_PhaseDetect/2.Design/LSTM_IP_EVA_F1/hls_lstm_n5_16s_16b/lstm/solution1/.autopilot/db/global.setting.tcl 
Command     ap_source returned 0; 0 sec.
Execute     source C:/Xilinx/Vivado/2017.3/common/technology/generic/autopilot/common.gen 
Execute       source C:/Xilinx/Vivado/2017.3/common/technology/generic/autopilot/APCoreGen.gen 
Command       ap_source returned 0; 0 sec.
Command     ap_source returned 0; 0.002 sec.
Execute     source C:/Xilinx/Vivado/2017.3/common/technology/generic/autopilot/op.gen 
Command     ap_source returned 0; 0.001 sec.
Execute     source C:/Xilinx/Vivado/2017.3/common/technology/generic/autopilot/op_simcore.gen 
Command     ap_source returned 0; 0.001 sec.
Execute     source C:/Xilinx/Vivado/2017.3/common/technology/generic/autopilot/interface.gen 
Command     ap_source returned 0; 0 sec.
Execute     source E:/170429_LFP_PhaseDetect/2.Design/LSTM_IP_EVA_F1/hls_lstm_n5_16s_16b/lstm/solution1/.autopilot/db/global.setting.tcl 
Command     ap_source returned 0; 0 sec.
Execute     source C:/Xilinx/Vivado/2017.3/common/technology/xilinx/virtexuplus/virtexuplus.gen 
Execute       source C:/Xilinx/Vivado/2017.3/common/technology/xilinx/common/virtex.gen 
Execute         source C:/Xilinx/Vivado/2017.3/common/technology/xilinx/common/xilinx.gen 
Execute           source C:/Xilinx/Vivado/2017.3/common/technology/xilinx/interface/plb46.gen 
Command           ap_source returned 0; 0.001 sec.
Execute           source C:/Xilinx/Vivado/2017.3/common/technology/xilinx/interface/fsl.gen 
Command           ap_source returned 0; 0 sec.
Execute           source C:/Xilinx/Vivado/2017.3/common/technology/xilinx/interface/axi4.gen 
Command           ap_source returned 0; 0.002 sec.
Execute           source C:/Xilinx/Vivado/2017.3/common/technology/xilinx/interface/nativeAXI4.gen 
Execute             source C:/Xilinx/Vivado/2017.3/common/technology/xilinx/interface/saxilite.gen 
Command             ap_source returned 0; 0.004 sec.
Execute             source C:/Xilinx/Vivado/2017.3/common/technology/xilinx/interface/maxi.gen 
Command             ap_source returned 0; 0.007 sec.
Command           ap_source returned 0; 0.012 sec.
Execute           source C:/Xilinx/Vivado/2017.3/common/technology/xilinx/scripts/xilinxcoregen.gen 
Command           ap_source returned 0; 0.011 sec.
Execute           source C:/Xilinx/Vivado/2017.3/common/technology/xilinx/interface/XilEDKCoreGen.gen 
Command           ap_source returned 0; 0.008 sec.
Execute           source C:/Xilinx/Vivado/2017.3/common/technology/xilinx/ip/dds_compiler.gen 
Command           ap_source returned 0; 0.004 sec.
Execute           source C:/Xilinx/Vivado/2017.3/common/technology/xilinx/ip/util.gen 
Command           ap_source returned 0; 0 sec.
Execute           source C:/Xilinx/Vivado/2017.3/common/technology/xilinx/ip/xfft.gen 
Command           ap_source returned 0; 0.11 sec.
Execute           source C:/Xilinx/Vivado/2017.3/common/technology/xilinx/ip/xfir.gen 
Command           ap_source returned 0; 0.001 sec.
Command         ap_source returned 0; 0.152 sec.
Execute         source C:/Xilinx/Vivado/2017.3/common/technology/xilinx/common/dsp48.gen 
Command         ap_source returned 0; 0 sec.
Command       ap_source returned 0; 0.154 sec.
Command     ap_source returned 0; 0.156 sec.
Execute     source C:/Xilinx/Vivado/2017.3/common/technology/xilinx/virtexuplus/virtexuplus_fpv7.gen 
Execute       source C:/Xilinx/Vivado/2017.3/common/technology/xilinx/common/xilinx_fpv6.gen 
Command       ap_source returned 0; 0.002 sec.
Command     ap_source returned 0; 0.002 sec.
Execute     source E:/170429_LFP_PhaseDetect/2.Design/LSTM_IP_EVA_F1/hls_lstm_n5_16s_16b/lstm/solution1/.autopilot/db/global.setting.tcl 
Command     ap_source returned 0; 0.001 sec.
INFO: [IMPL 213-8] Exporting RTL as an IP in IP-XACT.
Execute     source E:/170429_LFP_PhaseDetect/2.Design/LSTM_IP_EVA_F1/hls_lstm_n5_16s_16b/lstm/solution1/.autopilot/db/global.setting.tcl 
Command     ap_source returned 0; 0.001 sec.
Execute     source E:/170429_LFP_PhaseDetect/2.Design/LSTM_IP_EVA_F1/hls_lstm_n5_16s_16b/lstm/solution1/.autopilot/db/global.setting.tcl 
Command     ap_source returned 0; 0.001 sec.
Execute     source C:/Xilinx/Vivado/2017.3/common/technology/generic/autopilot/common.gen 
Execute       source C:/Xilinx/Vivado/2017.3/common/technology/generic/autopilot/APCoreGen.gen 
Command       ap_source returned 0; 0.001 sec.
Command     ap_source returned 0; 0.001 sec.
Execute     source C:/Xilinx/Vivado/2017.3/common/technology/generic/autopilot/op.gen 
Command     ap_source returned 0; 0.001 sec.
Execute     source C:/Xilinx/Vivado/2017.3/common/technology/generic/autopilot/op_simcore.gen 
Command     ap_source returned 0; 0.001 sec.
Execute     source C:/Xilinx/Vivado/2017.3/common/technology/generic/autopilot/interface.gen 
Command     ap_source returned 0; 0 sec.
Execute     source E:/170429_LFP_PhaseDetect/2.Design/LSTM_IP_EVA_F1/hls_lstm_n5_16s_16b/lstm/solution1/.autopilot/db/global.setting.tcl 
Command     ap_source returned 0; 0.001 sec.
Execute     source C:/Xilinx/Vivado/2017.3/common/technology/xilinx/virtexuplus/virtexuplus.gen 
Execute       source C:/Xilinx/Vivado/2017.3/common/technology/xilinx/common/virtex.gen 
Execute         source C:/Xilinx/Vivado/2017.3/common/technology/xilinx/common/xilinx.gen 
Execute           source C:/Xilinx/Vivado/2017.3/common/technology/xilinx/interface/plb46.gen 
Command           ap_source returned 0; 0.001 sec.
Execute           source C:/Xilinx/Vivado/2017.3/common/technology/xilinx/interface/fsl.gen 
Command           ap_source returned 0; 0.001 sec.
Execute           source C:/Xilinx/Vivado/2017.3/common/technology/xilinx/interface/axi4.gen 
Command           ap_source returned 0; 0.002 sec.
Execute           source C:/Xilinx/Vivado/2017.3/common/technology/xilinx/interface/nativeAXI4.gen 
Execute             source C:/Xilinx/Vivado/2017.3/common/technology/xilinx/interface/saxilite.gen 
Command             ap_source returned 0; 0.004 sec.
Execute             source C:/Xilinx/Vivado/2017.3/common/technology/xilinx/interface/maxi.gen 
Command             ap_source returned 0; 0.007 sec.
Command           ap_source returned 0; 0.011 sec.
Execute           source C:/Xilinx/Vivado/2017.3/common/technology/xilinx/scripts/xilinxcoregen.gen 
Command           ap_source returned 0; 0.011 sec.
Execute           source C:/Xilinx/Vivado/2017.3/common/technology/xilinx/interface/XilEDKCoreGen.gen 
Command           ap_source returned 0; 0.008 sec.
Execute           source C:/Xilinx/Vivado/2017.3/common/technology/xilinx/ip/dds_compiler.gen 
Command           ap_source returned 0; 0.003 sec.
Execute           source C:/Xilinx/Vivado/2017.3/common/technology/xilinx/ip/util.gen 
Command           ap_source returned 0; 0 sec.
Execute           source C:/Xilinx/Vivado/2017.3/common/technology/xilinx/ip/xfft.gen 
Command           ap_source returned 0; 0.11 sec.
Execute           source C:/Xilinx/Vivado/2017.3/common/technology/xilinx/ip/xfir.gen 
Command           ap_source returned 0; 0.001 sec.
Command         ap_source returned 0; 0.149 sec.
Execute         source C:/Xilinx/Vivado/2017.3/common/technology/xilinx/common/dsp48.gen 
Command         ap_source returned 0; 0.001 sec.
Command       ap_source returned 0; 0.152 sec.
Command     ap_source returned 0; 0.152 sec.
Execute     source C:/Xilinx/Vivado/2017.3/common/technology/xilinx/virtexuplus/virtexuplus_fpv7.gen 
Execute       source C:/Xilinx/Vivado/2017.3/common/technology/xilinx/common/xilinx_fpv6.gen 
Command       ap_source returned 0; 0.001 sec.
Command     ap_source returned 0; 0.002 sec.
Execute     source E:/170429_LFP_PhaseDetect/2.Design/LSTM_IP_EVA_F1/hls_lstm_n5_16s_16b/lstm/solution1/.autopilot/db/global.setting.tcl 
Command     ap_source returned 0; 0 sec.
Execute     source E:/170429_LFP_PhaseDetect/2.Design/LSTM_IP_EVA_F1/hls_lstm_n5_16s_16b/lstm/solution1/.autopilot/db/global.setting.tcl 
Command     ap_source returned 0; 0.001 sec.
Execute     source E:/170429_LFP_PhaseDetect/2.Design/LSTM_IP_EVA_F1/hls_lstm_n5_16s_16b/lstm/solution1/.autopilot/db/lstm_n5_16s_16b.compgen.tcl 
Command     ap_source returned 0; 0.001 sec.
Execute     source E:/170429_LFP_PhaseDetect/2.Design/LSTM_IP_EVA_F1/hls_lstm_n5_16s_16b/lstm/solution1/.autopilot/db/global.setting.tcl 
Command     ap_source returned 0; 0 sec.
Execute     source E:/170429_LFP_PhaseDetect/2.Design/LSTM_IP_EVA_F1/hls_lstm_n5_16s_16b/lstm/solution1/.autopilot/db/global.setting.tcl 
Command     ap_source returned 0; 0.001 sec.
Execute     source E:/170429_LFP_PhaseDetect/2.Design/LSTM_IP_EVA_F1/hls_lstm_n5_16s_16b/lstm/solution1/.autopilot/db/lstm_n5_16s_16b.compgen.tcl 
Execute       source E:/170429_LFP_PhaseDetect/2.Design/LSTM_IP_EVA_F1/hls_lstm_n5_16s_16b/lstm/solution1/.autopilot/db/lstm_n5_16s_16b.rtl_wrap.cfg.tcl 
Command       ap_source returned 0; 0.001 sec.
Execute       source E:/170429_LFP_PhaseDetect/2.Design/LSTM_IP_EVA_F1/hls_lstm_n5_16s_16b/lstm/solution1/.autopilot/db/lstm_n5_16s_16b.rtl_wrap.cfg.tcl 
Command       ap_source returned 0; 0.001 sec.
Execute       source E:/170429_LFP_PhaseDetect/2.Design/LSTM_IP_EVA_F1/hls_lstm_n5_16s_16b/lstm/solution1/.autopilot/db/lstm_n5_16s_16b.rtl_wrap.cfg.tcl 
Command       ap_source returned 0; 0.001 sec.
Execute       source E:/170429_LFP_PhaseDetect/2.Design/LSTM_IP_EVA_F1/hls_lstm_n5_16s_16b/lstm/solution1/.autopilot/db/lstm_n5_16s_16b.tbgen.tcl 
Command       ap_source returned 0; 0.001 sec.
Execute       source E:/170429_LFP_PhaseDetect/2.Design/LSTM_IP_EVA_F1/hls_lstm_n5_16s_16b/lstm/solution1/.autopilot/db/lstm_n5_16s_16b.tbgen.tcl 
Command       ap_source returned 0; 0 sec.
Command     ap_source returned 0; 0.044 sec.
Execute     source E:/170429_LFP_PhaseDetect/2.Design/LSTM_IP_EVA_F1/hls_lstm_n5_16s_16b/lstm/solution1/.autopilot/db/global.setting.tcl 
Command     ap_source returned 0; 0.058 sec.
Execute     source E:/170429_LFP_PhaseDetect/2.Design/LSTM_IP_EVA_F1/hls_lstm_n5_16s_16b/lstm/solution1/.autopilot/db/global.setting.tcl 
Command     ap_source returned 0; 0.001 sec.
Execute     source E:/170429_LFP_PhaseDetect/2.Design/LSTM_IP_EVA_F1/hls_lstm_n5_16s_16b/lstm/solution1/.autopilot/db/lstm_n5_16s_16b.compgen.tcl 
Command     ap_source returned 0; 0.003 sec.
Execute     source E:/170429_LFP_PhaseDetect/2.Design/LSTM_IP_EVA_F1/hls_lstm_n5_16s_16b/lstm/solution1/.autopilot/db/global.setting.tcl 
Command     ap_source returned 0; 0.001 sec.
Execute     source E:/170429_LFP_PhaseDetect/2.Design/LSTM_IP_EVA_F1/hls_lstm_n5_16s_16b/lstm/solution1/.autopilot/db/lstm_n5_16s_16b.constraint.tcl 
Command     ap_source returned 0; 0 sec.
Execute     source E:/170429_LFP_PhaseDetect/2.Design/LSTM_IP_EVA_F1/hls_lstm_n5_16s_16b/lstm/solution1/.autopilot/db/global.setting.tcl 
Command     ap_source returned 0; 0 sec.
Execute     source E:/170429_LFP_PhaseDetect/2.Design/LSTM_IP_EVA_F1/hls_lstm_n5_16s_16b/lstm/solution1/.autopilot/db/lstm_n5_16s_16b.rtl_wrap.cfg.tcl 
Command     ap_source returned 0; 0 sec.
Execute     source E:/170429_LFP_PhaseDetect/2.Design/LSTM_IP_EVA_F1/hls_lstm_n5_16s_16b/lstm/solution1/.autopilot/db/lstm_n5_16s_16b.rtl_wrap.cfg.tcl 
Command     ap_source returned 0; 0 sec.
Execute     source E:/170429_LFP_PhaseDetect/2.Design/LSTM_IP_EVA_F1/hls_lstm_n5_16s_16b/lstm/solution1/.autopilot/db/lstm_n5_16s_16b.rtl_wrap.cfg.tcl 
Command     ap_source returned 0; 0.001 sec.
Execute     source E:/170429_LFP_PhaseDetect/2.Design/LSTM_IP_EVA_F1/hls_lstm_n5_16s_16b/lstm/solution1/.autopilot/db/lstm_n5_16s_16b.tbgen.tcl 
Command     ap_source returned 0; 0.001 sec.
Execute     source E:/170429_LFP_PhaseDetect/2.Design/LSTM_IP_EVA_F1/hls_lstm_n5_16s_16b/lstm/solution1/.autopilot/db/lstm_n5_16s_16b.tbgen.tcl 
Command     ap_source returned 0; 0.001 sec.
Execute     source E:/170429_LFP_PhaseDetect/2.Design/LSTM_IP_EVA_F1/hls_lstm_n5_16s_16b/lstm/solution1/.autopilot/db/lstm_n5_16s_16b.tbgen.tcl 
Command     ap_source returned 0; 0.001 sec.
Execute     source E:/170429_LFP_PhaseDetect/2.Design/LSTM_IP_EVA_F1/hls_lstm_n5_16s_16b/lstm/solution1/.autopilot/db/lstm_n5_16s_16b.tbgen.tcl 
Command     ap_source returned 0; 0.001 sec.
Execute     source E:/170429_LFP_PhaseDetect/2.Design/LSTM_IP_EVA_F1/hls_lstm_n5_16s_16b/lstm/solution1/.autopilot/db/lstm_n5_16s_16b.tbgen.tcl 
Command     ap_source returned 0; 0.001 sec.
Execute     source E:/170429_LFP_PhaseDetect/2.Design/LSTM_IP_EVA_F1/hls_lstm_n5_16s_16b/lstm/solution1/.autopilot/db/global.setting.tcl 
Command     ap_source returned 0; 0.001 sec.
Execute     source E:/170429_LFP_PhaseDetect/2.Design/LSTM_IP_EVA_F1/hls_lstm_n5_16s_16b/lstm/solution1/.autopilot/db/global.setting.tcl 
Command     ap_source returned 0; 0.002 sec.
Execute     source E:/170429_LFP_PhaseDetect/2.Design/LSTM_IP_EVA_F1/hls_lstm_n5_16s_16b/lstm/solution1/.autopilot/db/global.setting.tcl 
Command     ap_source returned 0; 0.002 sec.
Execute     source E:/170429_LFP_PhaseDetect/2.Design/LSTM_IP_EVA_F1/hls_lstm_n5_16s_16b/lstm/solution1/.autopilot/db/lstm_n5_16s_16b.rtl_wrap.cfg.tcl 
Command     ap_source returned 0; 0.002 sec.
Execute     source E:/170429_LFP_PhaseDetect/2.Design/LSTM_IP_EVA_F1/hls_lstm_n5_16s_16b/lstm/solution1/.autopilot/db/lstm_n5_16s_16b.rtl_wrap.cfg.tcl 
Command     ap_source returned 0; 0.001 sec.
Execute     source E:/170429_LFP_PhaseDetect/2.Design/LSTM_IP_EVA_F1/hls_lstm_n5_16s_16b/lstm/solution1/.autopilot/db/lstm_n5_16s_16b.tbgen.tcl 
Command     ap_source returned 0; 0.001 sec.
Execute     source E:/170429_LFP_PhaseDetect/2.Design/LSTM_IP_EVA_F1/hls_lstm_n5_16s_16b/lstm/solution1/.autopilot/db/lstm_n5_16s_16b.tbgen.tcl 
Command     ap_source returned 0; 0.001 sec.
Execute     source E:/170429_LFP_PhaseDetect/2.Design/LSTM_IP_EVA_F1/hls_lstm_n5_16s_16b/lstm/solution1/.autopilot/db/lstm_n5_16s_16b.rtl_wrap.cfg.tcl 
Command     ap_source returned 0; 0.012 sec.
Execute     source E:/170429_LFP_PhaseDetect/2.Design/LSTM_IP_EVA_F1/hls_lstm_n5_16s_16b/lstm/solution1/.autopilot/db/lstm_n5_16s_16b.rtl_wrap.cfg.tcl 
Command     ap_source returned 0; 0 sec.
Execute     source E:/170429_LFP_PhaseDetect/2.Design/LSTM_IP_EVA_F1/hls_lstm_n5_16s_16b/lstm/solution1/.autopilot/db/lstm_n5_16s_16b.tbgen.tcl 
Command     ap_source returned 0; 0.001 sec.
Execute     source E:/170429_LFP_PhaseDetect/2.Design/LSTM_IP_EVA_F1/hls_lstm_n5_16s_16b/lstm/solution1/.autopilot/db/lstm_n5_16s_16b.tbgen.tcl 
Command     ap_source returned 0; 0.001 sec.
Execute     source E:/170429_LFP_PhaseDetect/2.Design/LSTM_IP_EVA_F1/hls_lstm_n5_16s_16b/lstm/solution1/.autopilot/db/global.setting.tcl 
Command     ap_source returned 0; 0.001 sec.
Execute     source E:/170429_LFP_PhaseDetect/2.Design/LSTM_IP_EVA_F1/hls_lstm_n5_16s_16b/lstm/solution1/.autopilot/db/lstm_n5_16s_16b.constraint.tcl 
Command     ap_source returned 0; 0.001 sec.
Execute     source E:/170429_LFP_PhaseDetect/2.Design/LSTM_IP_EVA_F1/hls_lstm_n5_16s_16b/lstm/solution1/.autopilot/db/global.setting.tcl 
Command     ap_source returned 0; 0.001 sec.
Execute     source E:/170429_LFP_PhaseDetect/2.Design/LSTM_IP_EVA_F1/hls_lstm_n5_16s_16b/lstm/solution1/.autopilot/db/global.setting.tcl 
Command     ap_source returned 0; 0.001 sec.
Execute     source E:/170429_LFP_PhaseDetect/2.Design/LSTM_IP_EVA_F1/hls_lstm_n5_16s_16b/lstm/solution1/.autopilot/db/lstm_n5_16s_16b.constraint.tcl 
Command     ap_source returned 0; 0 sec.
Execute     source E:/170429_LFP_PhaseDetect/2.Design/LSTM_IP_EVA_F1/hls_lstm_n5_16s_16b/lstm/solution1/.autopilot/db/global.setting.tcl 
Command     ap_source returned 0; 0.001 sec.
Execute     source E:/170429_LFP_PhaseDetect/2.Design/LSTM_IP_EVA_F1/hls_lstm_n5_16s_16b/lstm/solution1/.autopilot/db/lstm_n5_16s_16b.constraint.tcl 
Command     ap_source returned 0; 0.001 sec.
Execute     source E:/170429_LFP_PhaseDetect/2.Design/LSTM_IP_EVA_F1/hls_lstm_n5_16s_16b/lstm/solution1/.autopilot/db/global.setting.tcl 
Command     ap_source returned 0; 0.001 sec.
Execute     source C:/Xilinx/Vivado/2017.3/common/technology/generic/autopilot/common.gen 
Execute       source C:/Xilinx/Vivado/2017.3/common/technology/generic/autopilot/APCoreGen.gen 
Command       ap_source returned 0; 0.001 sec.
Command     ap_source returned 0; 0.001 sec.
Execute     source C:/Xilinx/Vivado/2017.3/common/technology/generic/autopilot/op.gen 
Command     ap_source returned 0; 0.001 sec.
Execute     source C:/Xilinx/Vivado/2017.3/common/technology/generic/autopilot/op_simcore.gen 
Command     ap_source returned 0; 0.001 sec.
Execute     source C:/Xilinx/Vivado/2017.3/common/technology/generic/autopilot/interface.gen 
Command     ap_source returned 0; 0 sec.
Execute     source E:/170429_LFP_PhaseDetect/2.Design/LSTM_IP_EVA_F1/hls_lstm_n5_16s_16b/lstm/solution1/.autopilot/db/global.setting.tcl 
Command     ap_source returned 0; 0.001 sec.
Execute     source C:/Xilinx/Vivado/2017.3/common/technology/xilinx/virtexuplus/virtexuplus.gen 
Execute       source C:/Xilinx/Vivado/2017.3/common/technology/xilinx/common/virtex.gen 
Execute         source C:/Xilinx/Vivado/2017.3/common/technology/xilinx/common/xilinx.gen 
Execute           source C:/Xilinx/Vivado/2017.3/common/technology/xilinx/interface/plb46.gen 
Command           ap_source returned 0; 0.002 sec.
Execute           source C:/Xilinx/Vivado/2017.3/common/technology/xilinx/interface/fsl.gen 
Command           ap_source returned 0; 0.001 sec.
Execute           source C:/Xilinx/Vivado/2017.3/common/technology/xilinx/interface/axi4.gen 
Command           ap_source returned 0; 0.002 sec.
Execute           source C:/Xilinx/Vivado/2017.3/common/technology/xilinx/interface/nativeAXI4.gen 
Execute             source C:/Xilinx/Vivado/2017.3/common/technology/xilinx/interface/saxilite.gen 
Command             ap_source returned 0; 0.004 sec.
Execute             source C:/Xilinx/Vivado/2017.3/common/technology/xilinx/interface/maxi.gen 
Command             ap_source returned 0; 0.008 sec.
Command           ap_source returned 0; 0.012 sec.
Execute           source C:/Xilinx/Vivado/2017.3/common/technology/xilinx/scripts/xilinxcoregen.gen 
Command           ap_source returned 0; 0.012 sec.
Execute           source C:/Xilinx/Vivado/2017.3/common/technology/xilinx/interface/XilEDKCoreGen.gen 
Command           ap_source returned 0; 0.009 sec.
Execute           source C:/Xilinx/Vivado/2017.3/common/technology/xilinx/ip/dds_compiler.gen 
Command           ap_source returned 0; 0.003 sec.
Execute           source C:/Xilinx/Vivado/2017.3/common/technology/xilinx/ip/util.gen 
Command           ap_source returned 0; 0 sec.
Execute           source C:/Xilinx/Vivado/2017.3/common/technology/xilinx/ip/xfft.gen 
Command           ap_source returned 0; 0.107 sec.
Execute           source C:/Xilinx/Vivado/2017.3/common/technology/xilinx/ip/xfir.gen 
Command           ap_source returned 0; 0 sec.
Command         ap_source returned 0; 0.152 sec.
Execute         source C:/Xilinx/Vivado/2017.3/common/technology/xilinx/common/dsp48.gen 
Command         ap_source returned 0; 0 sec.
Command       ap_source returned 0; 0.154 sec.
Command     ap_source returned 0; 0.154 sec.
Execute     source C:/Xilinx/Vivado/2017.3/common/technology/xilinx/virtexuplus/virtexuplus_fpv7.gen 
Execute       source C:/Xilinx/Vivado/2017.3/common/technology/xilinx/common/xilinx_fpv6.gen 
Command       ap_source returned 0; 0.002 sec.
Command     ap_source returned 0; 0.002 sec.
Execute     source E:/170429_LFP_PhaseDetect/2.Design/LSTM_IP_EVA_F1/hls_lstm_n5_16s_16b/lstm/solution1/.autopilot/db/global.setting.tcl 
Command     ap_source returned 0; 0.001 sec.
Execute     source C:/Xilinx/Vivado/2017.3/common/technology/generic/autopilot/common.gen 
Execute       source C:/Xilinx/Vivado/2017.3/common/technology/generic/autopilot/APCoreGen.gen 
Command       ap_source returned 0; 0 sec.
Command     ap_source returned 0; 0.002 sec.
Execute     source C:/Xilinx/Vivado/2017.3/common/technology/generic/autopilot/op.gen 
Command     ap_source returned 0; 0 sec.
Execute     source C:/Xilinx/Vivado/2017.3/common/technology/generic/autopilot/op_simcore.gen 
Command     ap_source returned 0; 0.002 sec.
Execute     source C:/Xilinx/Vivado/2017.3/common/technology/generic/autopilot/interface.gen 
Command     ap_source returned 0; 0 sec.
Execute     source E:/170429_LFP_PhaseDetect/2.Design/LSTM_IP_EVA_F1/hls_lstm_n5_16s_16b/lstm/solution1/.autopilot/db/global.setting.tcl 
Command     ap_source returned 0; 0.001 sec.
Execute     source C:/Xilinx/Vivado/2017.3/common/technology/xilinx/virtexuplus/virtexuplus.gen 
Execute       source C:/Xilinx/Vivado/2017.3/common/technology/xilinx/common/virtex.gen 
Execute         source C:/Xilinx/Vivado/2017.3/common/technology/xilinx/common/xilinx.gen 
Execute           source C:/Xilinx/Vivado/2017.3/common/technology/xilinx/interface/plb46.gen 
Command           ap_source returned 0; 0.001 sec.
Execute           source C:/Xilinx/Vivado/2017.3/common/technology/xilinx/interface/fsl.gen 
Command           ap_source returned 0; 0.001 sec.
Execute           source C:/Xilinx/Vivado/2017.3/common/technology/xilinx/interface/axi4.gen 
Command           ap_source returned 0; 0.002 sec.
Execute           source C:/Xilinx/Vivado/2017.3/common/technology/xilinx/interface/nativeAXI4.gen 
Execute             source C:/Xilinx/Vivado/2017.3/common/technology/xilinx/interface/saxilite.gen 
Command             ap_source returned 0; 0.004 sec.
Execute             source C:/Xilinx/Vivado/2017.3/common/technology/xilinx/interface/maxi.gen 
Command             ap_source returned 0; 0.007 sec.
Command           ap_source returned 0; 0.011 sec.
Execute           source C:/Xilinx/Vivado/2017.3/common/technology/xilinx/scripts/xilinxcoregen.gen 
Command           ap_source returned 0; 0.012 sec.
Execute           source C:/Xilinx/Vivado/2017.3/common/technology/xilinx/interface/XilEDKCoreGen.gen 
Command           ap_source returned 0; 0.008 sec.
Execute           source C:/Xilinx/Vivado/2017.3/common/technology/xilinx/ip/dds_compiler.gen 
Command           ap_source returned 0; 0.003 sec.
Execute           source C:/Xilinx/Vivado/2017.3/common/technology/xilinx/ip/util.gen 
Command           ap_source returned 0; 0.001 sec.
Execute           source C:/Xilinx/Vivado/2017.3/common/technology/xilinx/ip/xfft.gen 
Command           ap_source returned 0; 0.109 sec.
Execute           source C:/Xilinx/Vivado/2017.3/common/technology/xilinx/ip/xfir.gen 
Command           ap_source returned 0; 0.001 sec.
Command         ap_source returned 0; 0.15 sec.
Execute         source C:/Xilinx/Vivado/2017.3/common/technology/xilinx/common/dsp48.gen 
Command         ap_source returned 0; 0 sec.
Command       ap_source returned 0; 0.153 sec.
Command     ap_source returned 0; 0.153 sec.
Execute     source C:/Xilinx/Vivado/2017.3/common/technology/xilinx/virtexuplus/virtexuplus_fpv7.gen 
Execute       source C:/Xilinx/Vivado/2017.3/common/technology/xilinx/common/xilinx_fpv6.gen 
Command       ap_source returned 0; 0.002 sec.
Command     ap_source returned 0; 0.002 sec.
Execute     source E:/170429_LFP_PhaseDetect/2.Design/LSTM_IP_EVA_F1/hls_lstm_n5_16s_16b/lstm/solution1/.autopilot/db/global.setting.tcl 
Command     ap_source returned 0; 0.001 sec.
Execute     source E:/170429_LFP_PhaseDetect/2.Design/LSTM_IP_EVA_F1/hls_lstm_n5_16s_16b/lstm/solution1/.autopilot/db/global.setting.tcl 
Command     ap_source returned 0; 0.002 sec.
Execute     source E:/170429_LFP_PhaseDetect/2.Design/LSTM_IP_EVA_F1/hls_lstm_n5_16s_16b/lstm/solution1/.autopilot/db/global.setting.tcl 
Command     ap_source returned 0; 0.001 sec.
Execute     source C:/Xilinx/Vivado/2017.3/common/technology/generic/autopilot/common.gen 
Execute       source C:/Xilinx/Vivado/2017.3/common/technology/generic/autopilot/APCoreGen.gen 
Command       ap_source returned 0; 0.001 sec.
Command     ap_source returned 0; 0.002 sec.
Execute     source C:/Xilinx/Vivado/2017.3/common/technology/generic/autopilot/op.gen 
Command     ap_source returned 0; 0.001 sec.
Execute     source C:/Xilinx/Vivado/2017.3/common/technology/generic/autopilot/op_simcore.gen 
Command     ap_source returned 0; 0.001 sec.
Execute     source C:/Xilinx/Vivado/2017.3/common/technology/generic/autopilot/interface.gen 
Command     ap_source returned 0; 0 sec.
Execute     source E:/170429_LFP_PhaseDetect/2.Design/LSTM_IP_EVA_F1/hls_lstm_n5_16s_16b/lstm/solution1/.autopilot/db/global.setting.tcl 
Command     ap_source returned 0; 0.001 sec.
Execute     source C:/Xilinx/Vivado/2017.3/common/technology/xilinx/virtexuplus/virtexuplus.gen 
Execute       source C:/Xilinx/Vivado/2017.3/common/technology/xilinx/common/virtex.gen 
Execute         source C:/Xilinx/Vivado/2017.3/common/technology/xilinx/common/xilinx.gen 
Execute           source C:/Xilinx/Vivado/2017.3/common/technology/xilinx/interface/plb46.gen 
Command           ap_source returned 0; 0.001 sec.
Execute           source C:/Xilinx/Vivado/2017.3/common/technology/xilinx/interface/fsl.gen 
Command           ap_source returned 0; 0.001 sec.
Execute           source C:/Xilinx/Vivado/2017.3/common/technology/xilinx/interface/axi4.gen 
Command           ap_source returned 0; 0.002 sec.
Execute           source C:/Xilinx/Vivado/2017.3/common/technology/xilinx/interface/nativeAXI4.gen 
Execute             source C:/Xilinx/Vivado/2017.3/common/technology/xilinx/interface/saxilite.gen 
Command             ap_source returned 0; 0.003 sec.
Execute             source C:/Xilinx/Vivado/2017.3/common/technology/xilinx/interface/maxi.gen 
Command             ap_source returned 0; 0.007 sec.
Command           ap_source returned 0; 0.012 sec.
Execute           source C:/Xilinx/Vivado/2017.3/common/technology/xilinx/scripts/xilinxcoregen.gen 
Command           ap_source returned 0; 0.012 sec.
Execute           source C:/Xilinx/Vivado/2017.3/common/technology/xilinx/interface/XilEDKCoreGen.gen 
Command           ap_source returned 0; 0.008 sec.
Execute           source C:/Xilinx/Vivado/2017.3/common/technology/xilinx/ip/dds_compiler.gen 
Command           ap_source returned 0; 0.003 sec.
Execute           source C:/Xilinx/Vivado/2017.3/common/technology/xilinx/ip/util.gen 
Command           ap_source returned 0; 0.001 sec.
Execute           source C:/Xilinx/Vivado/2017.3/common/technology/xilinx/ip/xfft.gen 
Command           ap_source returned 0; 0.107 sec.
Execute           source C:/Xilinx/Vivado/2017.3/common/technology/xilinx/ip/xfir.gen 
Command           ap_source returned 0; 0.001 sec.
Command         ap_source returned 0; 0.15 sec.
Execute         source C:/Xilinx/Vivado/2017.3/common/technology/xilinx/common/dsp48.gen 
Command         ap_source returned 0; 0 sec.
Command       ap_source returned 0; 0.152 sec.
Command     ap_source returned 0; 0.152 sec.
Execute     source C:/Xilinx/Vivado/2017.3/common/technology/xilinx/virtexuplus/virtexuplus_fpv7.gen 
Execute       source C:/Xilinx/Vivado/2017.3/common/technology/xilinx/common/xilinx_fpv6.gen 
Command       ap_source returned 0; 0.001 sec.
Command     ap_source returned 0; 0.001 sec.
Execute     source E:/170429_LFP_PhaseDetect/2.Design/LSTM_IP_EVA_F1/hls_lstm_n5_16s_16b/lstm/solution1/.autopilot/db/global.setting.tcl 
Command     ap_source returned 0; 0.001 sec.
Execute     source E:/170429_LFP_PhaseDetect/2.Design/LSTM_IP_EVA_F1/hls_lstm_n5_16s_16b/lstm/solution1/.autopilot/db/global.setting.tcl 
Command     ap_source returned 0; 0.001 sec.
Execute     source E:/170429_LFP_PhaseDetect/2.Design/LSTM_IP_EVA_F1/hls_lstm_n5_16s_16b/lstm/solution1/.autopilot/db/lstm_n5_16s_16b.compgen.tcl 
Command     ap_source returned 0; 0.001 sec.
Execute     source E:/170429_LFP_PhaseDetect/2.Design/LSTM_IP_EVA_F1/hls_lstm_n5_16s_16b/lstm/solution1/.autopilot/db/global.setting.tcl 
Command     ap_source returned 0; 0.001 sec.
Execute     source E:/170429_LFP_PhaseDetect/2.Design/LSTM_IP_EVA_F1/hls_lstm_n5_16s_16b/lstm/solution1/.autopilot/db/lstm_n5_16s_16b.constraint.tcl 
Command     ap_source returned 0; 0.001 sec.
Execute     source E:/170429_LFP_PhaseDetect/2.Design/LSTM_IP_EVA_F1/hls_lstm_n5_16s_16b/lstm/solution1/.autopilot/db/global.setting.tcl 
Command     ap_source returned 0; 0.001 sec.
Execute     source C:/Xilinx/Vivado/2017.3/common/technology/generic/autopilot/common.gen 
Execute       source C:/Xilinx/Vivado/2017.3/common/technology/generic/autopilot/APCoreGen.gen 
Command       ap_source returned 0; 0 sec.
Command     ap_source returned 0; 0.002 sec.
Execute     source C:/Xilinx/Vivado/2017.3/common/technology/generic/autopilot/op.gen 
Command     ap_source returned 0; 0 sec.
Execute     source C:/Xilinx/Vivado/2017.3/common/technology/generic/autopilot/op_simcore.gen 
Command     ap_source returned 0; 0.002 sec.
Execute     source C:/Xilinx/Vivado/2017.3/common/technology/generic/autopilot/interface.gen 
Command     ap_source returned 0; 0 sec.
Execute     source E:/170429_LFP_PhaseDetect/2.Design/LSTM_IP_EVA_F1/hls_lstm_n5_16s_16b/lstm/solution1/.autopilot/db/global.setting.tcl 
Command     ap_source returned 0; 0 sec.
Execute     source C:/Xilinx/Vivado/2017.3/common/technology/xilinx/virtexuplus/virtexuplus.gen 
Execute       source C:/Xilinx/Vivado/2017.3/common/technology/xilinx/common/virtex.gen 
Execute         source C:/Xilinx/Vivado/2017.3/common/technology/xilinx/common/xilinx.gen 
Execute           source C:/Xilinx/Vivado/2017.3/common/technology/xilinx/interface/plb46.gen 
Command           ap_source returned 0; 0.001 sec.
Execute           source C:/Xilinx/Vivado/2017.3/common/technology/xilinx/interface/fsl.gen 
Command           ap_source returned 0; 0.001 sec.
Execute           source C:/Xilinx/Vivado/2017.3/common/technology/xilinx/interface/axi4.gen 
Command           ap_source returned 0; 0.002 sec.
Execute           source C:/Xilinx/Vivado/2017.3/common/technology/xilinx/interface/nativeAXI4.gen 
Execute             source C:/Xilinx/Vivado/2017.3/common/technology/xilinx/interface/saxilite.gen 
Command             ap_source returned 0; 0.004 sec.
Execute             source C:/Xilinx/Vivado/2017.3/common/technology/xilinx/interface/maxi.gen 
Command             ap_source returned 0; 0.007 sec.
Command           ap_source returned 0; 0.011 sec.
Execute           source C:/Xilinx/Vivado/2017.3/common/technology/xilinx/scripts/xilinxcoregen.gen 
Command           ap_source returned 0; 0.012 sec.
Execute           source C:/Xilinx/Vivado/2017.3/common/technology/xilinx/interface/XilEDKCoreGen.gen 
Command           ap_source returned 0; 0.008 sec.
Execute           source C:/Xilinx/Vivado/2017.3/common/technology/xilinx/ip/dds_compiler.gen 
Command           ap_source returned 0; 0.003 sec.
Execute           source C:/Xilinx/Vivado/2017.3/common/technology/xilinx/ip/util.gen 
Command           ap_source returned 0; 0 sec.
Execute           source C:/Xilinx/Vivado/2017.3/common/technology/xilinx/ip/xfft.gen 
Command           ap_source returned 0; 0.108 sec.
Execute           source C:/Xilinx/Vivado/2017.3/common/technology/xilinx/ip/xfir.gen 
Command           ap_source returned 0; 0.001 sec.
Command         ap_source returned 0; 0.148 sec.
Execute         source C:/Xilinx/Vivado/2017.3/common/technology/xilinx/common/dsp48.gen 
Command         ap_source returned 0; 0 sec.
Command       ap_source returned 0; 0.151 sec.
Command     ap_source returned 0; 0.151 sec.
Execute     source C:/Xilinx/Vivado/2017.3/common/technology/xilinx/virtexuplus/virtexuplus_fpv7.gen 
Execute       source C:/Xilinx/Vivado/2017.3/common/technology/xilinx/common/xilinx_fpv6.gen 
Command       ap_source returned 0; 0.002 sec.
Command     ap_source returned 0; 0.002 sec.
Execute     source E:/170429_LFP_PhaseDetect/2.Design/LSTM_IP_EVA_F1/hls_lstm_n5_16s_16b/lstm/solution1/.autopilot/db/global.setting.tcl 
Command     ap_source returned 0; 0 sec.
Execute     source E:/170429_LFP_PhaseDetect/2.Design/LSTM_IP_EVA_F1/hls_lstm_n5_16s_16b/lstm/solution1/.autopilot/db/global.setting.tcl 
Command     ap_source returned 0; 0.001 sec.
Execute     source C:/Xilinx/Vivado/2017.3/common/technology/generic/autopilot/common.gen 
Execute       source C:/Xilinx/Vivado/2017.3/common/technology/generic/autopilot/APCoreGen.gen 
Command       ap_source returned 0; 0.001 sec.
Command     ap_source returned 0; 0.001 sec.
Execute     source C:/Xilinx/Vivado/2017.3/common/technology/generic/autopilot/op.gen 
Command     ap_source returned 0; 0.001 sec.
Execute     source C:/Xilinx/Vivado/2017.3/common/technology/generic/autopilot/op_simcore.gen 
Command     ap_source returned 0; 0.001 sec.
Execute     source C:/Xilinx/Vivado/2017.3/common/technology/generic/autopilot/interface.gen 
Command     ap_source returned 0; 0 sec.
Execute     source E:/170429_LFP_PhaseDetect/2.Design/LSTM_IP_EVA_F1/hls_lstm_n5_16s_16b/lstm/solution1/.autopilot/db/global.setting.tcl 
Command     ap_source returned 0; 0.001 sec.
Execute     source C:/Xilinx/Vivado/2017.3/common/technology/xilinx/virtexuplus/virtexuplus.gen 
Execute       source C:/Xilinx/Vivado/2017.3/common/technology/xilinx/common/virtex.gen 
Execute         source C:/Xilinx/Vivado/2017.3/common/technology/xilinx/common/xilinx.gen 
Execute           source C:/Xilinx/Vivado/2017.3/common/technology/xilinx/interface/plb46.gen 
Command           ap_source returned 0; 0.001 sec.
Execute           source C:/Xilinx/Vivado/2017.3/common/technology/xilinx/interface/fsl.gen 
Command           ap_source returned 0; 0.001 sec.
Execute           source C:/Xilinx/Vivado/2017.3/common/technology/xilinx/interface/axi4.gen 
Command           ap_source returned 0; 0.002 sec.
Execute           source C:/Xilinx/Vivado/2017.3/common/technology/xilinx/interface/nativeAXI4.gen 
Execute             source C:/Xilinx/Vivado/2017.3/common/technology/xilinx/interface/saxilite.gen 
Command             ap_source returned 0; 0.004 sec.
Execute             source C:/Xilinx/Vivado/2017.3/common/technology/xilinx/interface/maxi.gen 
Command             ap_source returned 0; 0.007 sec.
Command           ap_source returned 0; 0.011 sec.
Execute           source C:/Xilinx/Vivado/2017.3/common/technology/xilinx/scripts/xilinxcoregen.gen 
Command           ap_source returned 0; 0.011 sec.
Execute           source C:/Xilinx/Vivado/2017.3/common/technology/xilinx/interface/XilEDKCoreGen.gen 
Command           ap_source returned 0; 0.009 sec.
Execute           source C:/Xilinx/Vivado/2017.3/common/technology/xilinx/ip/dds_compiler.gen 
Command           ap_source returned 0; 0.004 sec.
Execute           source C:/Xilinx/Vivado/2017.3/common/technology/xilinx/ip/util.gen 
Command           ap_source returned 0; 0 sec.
Execute           source C:/Xilinx/Vivado/2017.3/common/technology/xilinx/ip/xfft.gen 
Command           ap_source returned 0; 0.11 sec.
Execute           source C:/Xilinx/Vivado/2017.3/common/technology/xilinx/ip/xfir.gen 
Command           ap_source returned 0; 0.001 sec.
Command         ap_source returned 0; 0.151 sec.
Execute         source C:/Xilinx/Vivado/2017.3/common/technology/xilinx/common/dsp48.gen 
Command         ap_source returned 0; 0.001 sec.
Command       ap_source returned 0; 0.154 sec.
Command     ap_source returned 0; 0.154 sec.
Execute     source C:/Xilinx/Vivado/2017.3/common/technology/xilinx/virtexuplus/virtexuplus_fpv7.gen 
Execute       source C:/Xilinx/Vivado/2017.3/common/technology/xilinx/common/xilinx_fpv6.gen 
Command       ap_source returned 0; 0.002 sec.
Command     ap_source returned 0; 0.002 sec.
Execute     source E:/170429_LFP_PhaseDetect/2.Design/LSTM_IP_EVA_F1/hls_lstm_n5_16s_16b/lstm/solution1/.autopilot/db/global.setting.tcl 
Command     ap_source returned 0; 0 sec.
Execute     source E:/170429_LFP_PhaseDetect/2.Design/LSTM_IP_EVA_F1/hls_lstm_n5_16s_16b/lstm/solution1/.autopilot/db/global.setting.tcl 
Command     ap_source returned 0; 0.001 sec.
Execute     source E:/170429_LFP_PhaseDetect/2.Design/LSTM_IP_EVA_F1/hls_lstm_n5_16s_16b/lstm/solution1/.autopilot/db/global.setting.tcl 
Command     ap_source returned 0; 0.001 sec.
Execute     source C:/Xilinx/Vivado/2017.3/common/technology/generic/autopilot/common.gen 
Execute       source C:/Xilinx/Vivado/2017.3/common/technology/generic/autopilot/APCoreGen.gen 
Command       ap_source returned 0; 0.002 sec.
Command     ap_source returned 0; 0.003 sec.
Execute     source C:/Xilinx/Vivado/2017.3/common/technology/generic/autopilot/op.gen 
Command     ap_source returned 0; 0.001 sec.
Execute     source C:/Xilinx/Vivado/2017.3/common/technology/generic/autopilot/op_simcore.gen 
Command     ap_source returned 0; 0.003 sec.
Execute     source C:/Xilinx/Vivado/2017.3/common/technology/generic/autopilot/interface.gen 
Command     ap_source returned 0; 0 sec.
Execute     source E:/170429_LFP_PhaseDetect/2.Design/LSTM_IP_EVA_F1/hls_lstm_n5_16s_16b/lstm/solution1/.autopilot/db/global.setting.tcl 
Command     ap_source returned 0; 0.002 sec.
Execute     source C:/Xilinx/Vivado/2017.3/common/technology/xilinx/virtexuplus/virtexuplus.gen 
Execute       source C:/Xilinx/Vivado/2017.3/common/technology/xilinx/common/virtex.gen 
Execute         source C:/Xilinx/Vivado/2017.3/common/technology/xilinx/common/xilinx.gen 
Execute           source C:/Xilinx/Vivado/2017.3/common/technology/xilinx/interface/plb46.gen 
Command           ap_source returned 0; 0.003 sec.
Execute           source C:/Xilinx/Vivado/2017.3/common/technology/xilinx/interface/fsl.gen 
Command           ap_source returned 0; 0.001 sec.
Execute           source C:/Xilinx/Vivado/2017.3/common/technology/xilinx/interface/axi4.gen 
Command           ap_source returned 0; 0.004 sec.
Execute           source C:/Xilinx/Vivado/2017.3/common/technology/xilinx/interface/nativeAXI4.gen 
Execute             source C:/Xilinx/Vivado/2017.3/common/technology/xilinx/interface/saxilite.gen 
Command             ap_source returned 0; 0.004 sec.
Execute             source C:/Xilinx/Vivado/2017.3/common/technology/xilinx/interface/maxi.gen 
Command             ap_source returned 0; 0.008 sec.
Command           ap_source returned 0; 0.012 sec.
Execute           source C:/Xilinx/Vivado/2017.3/common/technology/xilinx/scripts/xilinxcoregen.gen 
Command           ap_source returned 0; 0.012 sec.
Execute           source C:/Xilinx/Vivado/2017.3/common/technology/xilinx/interface/XilEDKCoreGen.gen 
Command           ap_source returned 0; 0.008 sec.
Execute           source C:/Xilinx/Vivado/2017.3/common/technology/xilinx/ip/dds_compiler.gen 
Command           ap_source returned 0; 0.003 sec.
Execute           source C:/Xilinx/Vivado/2017.3/common/technology/xilinx/ip/util.gen 
Command           ap_source returned 0; 0.001 sec.
Execute           source C:/Xilinx/Vivado/2017.3/common/technology/xilinx/ip/xfft.gen 
Command           ap_source returned 0; 0.108 sec.
Execute           source C:/Xilinx/Vivado/2017.3/common/technology/xilinx/ip/xfir.gen 
Command           ap_source returned 0; 0.001 sec.
Command         ap_source returned 0; 0.154 sec.
Execute         source C:/Xilinx/Vivado/2017.3/common/technology/xilinx/common/dsp48.gen 
Command         ap_source returned 0; 0.001 sec.
Command       ap_source returned 0; 0.158 sec.
Command     ap_source returned 0; 0.158 sec.
Execute     source C:/Xilinx/Vivado/2017.3/common/technology/xilinx/virtexuplus/virtexuplus_fpv7.gen 
Execute       source C:/Xilinx/Vivado/2017.3/common/technology/xilinx/common/xilinx_fpv6.gen 
Command       ap_source returned 0; 0.002 sec.
Command     ap_source returned 0; 0.002 sec.
Execute     source E:/170429_LFP_PhaseDetect/2.Design/LSTM_IP_EVA_F1/hls_lstm_n5_16s_16b/lstm/solution1/.autopilot/db/global.setting.tcl 
Command     ap_source returned 0; 0.001 sec.
Execute     source E:/170429_LFP_PhaseDetect/2.Design/LSTM_IP_EVA_F1/hls_lstm_n5_16s_16b/lstm/solution1/.autopilot/db/global.setting.tcl 
Command     ap_source returned 0; 0 sec.
Execute     source E:/170429_LFP_PhaseDetect/2.Design/LSTM_IP_EVA_F1/hls_lstm_n5_16s_16b/lstm/solution1/.autopilot/db/lstm_n5_16s_16b.compgen.tcl 
Command     ap_source returned 0; 0.001 sec.
Execute     source E:/170429_LFP_PhaseDetect/2.Design/LSTM_IP_EVA_F1/hls_lstm_n5_16s_16b/lstm/solution1/.autopilot/db/global.setting.tcl 
Command     ap_source returned 0; 0.001 sec.
Execute     source E:/170429_LFP_PhaseDetect/2.Design/LSTM_IP_EVA_F1/hls_lstm_n5_16s_16b/lstm/solution1/.autopilot/db/lstm_n5_16s_16b.constraint.tcl 
Command     ap_source returned 0; 0 sec.
Execute     source E:/170429_LFP_PhaseDetect/2.Design/LSTM_IP_EVA_F1/hls_lstm_n5_16s_16b/lstm/solution1/.autopilot/db/global.setting.tcl 
Command     ap_source returned 0; 0 sec.
Execute     source C:/Xilinx/Vivado/2017.3/common/technology/generic/autopilot/common.gen 
Execute       source C:/Xilinx/Vivado/2017.3/common/technology/generic/autopilot/APCoreGen.gen 
Command       ap_source returned 0; 0.001 sec.
Command     ap_source returned 0; 0.001 sec.
Execute     source C:/Xilinx/Vivado/2017.3/common/technology/generic/autopilot/op.gen 
Command     ap_source returned 0; 0.001 sec.
Execute     source C:/Xilinx/Vivado/2017.3/common/technology/generic/autopilot/op_simcore.gen 
Command     ap_source returned 0; 0.001 sec.
Execute     source C:/Xilinx/Vivado/2017.3/common/technology/generic/autopilot/interface.gen 
Command     ap_source returned 0; 0 sec.
Execute     source E:/170429_LFP_PhaseDetect/2.Design/LSTM_IP_EVA_F1/hls_lstm_n5_16s_16b/lstm/solution1/.autopilot/db/global.setting.tcl 
Command     ap_source returned 0; 0.001 sec.
Execute     source C:/Xilinx/Vivado/2017.3/common/technology/xilinx/virtexuplus/virtexuplus.gen 
Execute       source C:/Xilinx/Vivado/2017.3/common/technology/xilinx/common/virtex.gen 
Execute         source C:/Xilinx/Vivado/2017.3/common/technology/xilinx/common/xilinx.gen 
Execute           source C:/Xilinx/Vivado/2017.3/common/technology/xilinx/interface/plb46.gen 
Command           ap_source returned 0; 0.001 sec.
Execute           source C:/Xilinx/Vivado/2017.3/common/technology/xilinx/interface/fsl.gen 
Command           ap_source returned 0; 0.001 sec.
Execute           source C:/Xilinx/Vivado/2017.3/common/technology/xilinx/interface/axi4.gen 
Command           ap_source returned 0; 0.002 sec.
Execute           source C:/Xilinx/Vivado/2017.3/common/technology/xilinx/interface/nativeAXI4.gen 
Execute             source C:/Xilinx/Vivado/2017.3/common/technology/xilinx/interface/saxilite.gen 
Command             ap_source returned 0; 0.004 sec.
Execute             source C:/Xilinx/Vivado/2017.3/common/technology/xilinx/interface/maxi.gen 
Command             ap_source returned 0; 0.007 sec.
Command           ap_source returned 0; 0.011 sec.
Execute           source C:/Xilinx/Vivado/2017.3/common/technology/xilinx/scripts/xilinxcoregen.gen 
Command           ap_source returned 0; 0.011 sec.
Execute           source C:/Xilinx/Vivado/2017.3/common/technology/xilinx/interface/XilEDKCoreGen.gen 
Command           ap_source returned 0; 0.007 sec.
Execute           source C:/Xilinx/Vivado/2017.3/common/technology/xilinx/ip/dds_compiler.gen 
Command           ap_source returned 0; 0.004 sec.
Execute           source C:/Xilinx/Vivado/2017.3/common/technology/xilinx/ip/util.gen 
Command           ap_source returned 0; 0 sec.
Execute           source C:/Xilinx/Vivado/2017.3/common/technology/xilinx/ip/xfft.gen 
Command           ap_source returned 0; 0.108 sec.
Execute           source C:/Xilinx/Vivado/2017.3/common/technology/xilinx/ip/xfir.gen 
Command           ap_source returned 0; 0.001 sec.
Command         ap_source returned 0; 0.148 sec.
Execute         source C:/Xilinx/Vivado/2017.3/common/technology/xilinx/common/dsp48.gen 
Command         ap_source returned 0; 0.001 sec.
Command       ap_source returned 0; 0.151 sec.
Command     ap_source returned 0; 0.151 sec.
Execute     source C:/Xilinx/Vivado/2017.3/common/technology/xilinx/virtexuplus/virtexuplus_fpv7.gen 
Execute       source C:/Xilinx/Vivado/2017.3/common/technology/xilinx/common/xilinx_fpv6.gen 
Command       ap_source returned 0; 0.002 sec.
Command     ap_source returned 0; 0.002 sec.
Execute     source E:/170429_LFP_PhaseDetect/2.Design/LSTM_IP_EVA_F1/hls_lstm_n5_16s_16b/lstm/solution1/.autopilot/db/global.setting.tcl 
Command     ap_source returned 0; 0.001 sec.
Command   export_design returned 0; 34.977 sec.
Command ap_source returned 0; 35.352 sec.
Execute cleanup_all 
Command cleanup_all returned 0; 0.001 sec.
